[2016-07-26 09:39:04.603] [ERROR] dateFileLog - GET /news/biz/news/scss/news-detail.css
[2016-07-26 09:39:04.605] [ERROR] dateFileLog - GET /news/bundle/news.min.js?postVersion=0.19656627203773125
[2016-07-26 09:39:15.536] [ERROR] dateFileLog - GET /news/biz/news/scss/news-detail.css
[2016-07-26 09:39:15.536] [ERROR] dateFileLog - GET /news/bundle/news.min.js?postVersion=0.7208050359596188
[2016-07-26 09:39:24.269] [ERROR] dateFileLog - GET /news/biz/news/scss/news-detail.css
[2016-07-26 09:39:24.270] [ERROR] dateFileLog - GET /news/bundle/news.min.js?postVersion=0.9287729190662792
[2016-07-26 09:39:25.157] [ERROR] dateFileLog - GET /news/biz/news/scss/news-detail.css
[2016-07-26 09:39:25.158] [ERROR] dateFileLog - GET /news/bundle/news.min.js?postVersion=0.17026791082935344
[2016-07-26 09:39:26.553] [ERROR] dateFileLog - GET /news/biz/news/scss/news-detail.css
[2016-07-26 09:39:26.553] [ERROR] dateFileLog - GET /news/bundle/news.min.js?postVersion=0.19155379121025495
[2016-07-26 09:39:36.322] [ERROR] dateFileLog - GET /news/biz/news/scss/news-detail.css
[2016-07-26 09:39:36.323] [ERROR] dateFileLog - GET /news/bundle/news.min.js?postVersion=0.9409980657904675
[2016-07-26 09:39:53.828] [ERROR] dateFileLog - GET /news/biz/news/scss/news-detail.css
[2016-07-26 09:39:53.829] [ERROR] dateFileLog - GET /news/bundle/news.min.js?postVersion=0.3757042324219948
[2016-07-26 09:39:54.478] [ERROR] dateFileLog - GET /news/bundle/news.min.js?postVersion=0.2817583001875337
[2016-07-26 09:39:54.479] [ERROR] dateFileLog - GET /news/biz/news/scss/news-detail.css
[2016-07-26 09:39:59.244] [ERROR] dateFileLog - GET /news/biz/news/scss/news-detail.css
[2016-07-26 09:39:59.245] [ERROR] dateFileLog - GET /news/bundle/news.min.js?postVersion=0.458409177593633
[2016-07-26 09:40:11.891] [ERROR] dateFileLog - GET /news/bundle/news.min.js?postVersion=0.5607808902861597
[2016-07-26 09:40:11.892] [ERROR] dateFileLog - GET /news/biz/news/scss/news-detail.css
[2016-07-26 09:40:56.949] [ERROR] dateFileLog - GET /news/biz/news/scss/news-detail.css
[2016-07-26 09:40:56.950] [ERROR] dateFileLog - GET /news/bundle/news.min.js?postVersion=0.8292149910494644
[2016-07-26 09:40:57.658] [ERROR] dateFileLog - GET /news/bundle/news.min.js?postVersion=0.34754428450075747
[2016-07-26 09:40:57.659] [ERROR] dateFileLog - GET /news/biz/news/scss/news-detail.css
[2016-07-26 09:41:01.026] [ERROR] dateFileLog - GET /news/bundle/news.min.js?postVersion=0.8745572575385514
[2016-07-26 09:41:01.026] [ERROR] dateFileLog - GET /news/biz/news/scss/news-detail.css
[2016-07-26 09:42:42.878] [ERROR] dateFileLog - GET /news/biz/news/scss/news-detail.css
[2016-07-26 09:42:42.888] [ERROR] dateFileLog - GET /news/bundle/news.min.js?postVersion=0.7385478250687543
[2016-07-26 09:42:43.786] [ERROR] dateFileLog - GET /news/biz/news/scss/news-detail.css
[2016-07-26 09:42:43.787] [ERROR] dateFileLog - GET /news/bundle/news.min.js?postVersion=0.7637412307627902
[2016-07-26 09:42:44.368] [ERROR] dateFileLog - GET /news/biz/news/scss/news-detail.css
[2016-07-26 09:42:44.369] [ERROR] dateFileLog - GET /news/bundle/news.min.js?postVersion=0.3650268137213297
[2016-07-26 09:42:46.915] [ERROR] dateFileLog - GET /news/biz/news/scss/news-detail.css
[2016-07-26 09:42:46.915] [ERROR] dateFileLog - GET /news/bundle/news.min.js?postVersion=0.9383001844533052
[2016-07-26 09:42:52.535] [ERROR] dateFileLog - GET /news/biz/news/scss/news-detail.css
[2016-07-26 09:42:52.536] [ERROR] dateFileLog - GET /news/bundle/news.min.js?postVersion=0.632328400576587
[2016-07-26 09:42:53.112] [ERROR] dateFileLog - GET /news/biz/news/scss/news-detail.css
[2016-07-26 09:42:53.113] [ERROR] dateFileLog - GET /news/bundle/news.min.js?postVersion=0.2463619946670459
[2016-07-26 09:47:18.539] [ERROR] dateFileLog - GET /bundle/biz/app/scss/index.css?nowVersion=1469497621205
[2016-07-26 09:47:18.541] [ERROR] dateFileLog - GET /bundle/index.min.js?nowVersion=1469497621205
[2016-07-26 09:47:18.542] [ERROR] dateFileLog - GET /bundle/common.min.js?nowVersion=1469497621205
[2016-07-26 09:47:19.895] [ERROR] dateFileLog - GET /bundle/biz/app/scss/index.css?nowVersion=1469497621205
[2016-07-26 09:47:19.896] [ERROR] dateFileLog - GET /bundle/index.min.js?nowVersion=1469497621205
[2016-07-26 09:47:19.897] [ERROR] dateFileLog - GET /bundle/common.min.js?nowVersion=1469497621205
[2016-07-26 09:47:20.207] [ERROR] dateFileLog - GET /bundle/biz/app/scss/index.css?nowVersion=1469497621205
[2016-07-26 09:47:20.208] [ERROR] dateFileLog - GET /bundle/index.min.js?nowVersion=1469497621205
[2016-07-26 09:47:20.209] [ERROR] dateFileLog - GET /bundle/common.min.js?nowVersion=1469497621205
[2016-07-26 09:47:20.521] [ERROR] dateFileLog - GET /bundle/biz/app/scss/index.css?nowVersion=1469497621205
[2016-07-26 09:47:20.523] [ERROR] dateFileLog - GET /bundle/common.min.js?nowVersion=1469497621205
[2016-07-26 09:47:20.524] [ERROR] dateFileLog - GET /bundle/index.min.js?nowVersion=1469497621205
[2016-07-26 09:47:20.545] [ERROR] dateFileLog - GET /bundle/common.min.js?nowVersion=1469497621205
[2016-07-26 09:47:21.066] [ERROR] dateFileLog - GET /bundle/news.min.js?postVersion=0.06796837789529842
[2016-07-26 09:47:22.642] [ERROR] dateFileLog - GET /bundle/news.min.js?postVersion=0.8404725354992073
[2016-07-26 09:47:23.700] [ERROR] dateFileLog - GET /bundle/biz/app/scss/index.css?nowVersion=1469497621205
[2016-07-26 09:47:23.703] [ERROR] dateFileLog - GET /bundle/index.min.js?nowVersion=1469497621205
[2016-07-26 09:47:23.703] [ERROR] dateFileLog - GET /bundle/common.min.js?nowVersion=1469497621205
